<?xml version="1.0" encoding="UTF-8"?>
<!-- Generated by org.testng.reporters.JUnitReportReporter -->
<testsuite hostname="HW1611" name="com.Mumms.scripts.Admin" tests="2" failures="0" timestamp="14 Mar 2016 16:50:03 GMT" time="186.415" errors="0">
  <testcase name="testAddWidgets" time="77.101" classname="com.Mumms.scripts.Admin"/>
  <testcase name="testAddWidgetsName" time="109.314" classname="com.Mumms.scripts.Admin"/>
</testsuite> <!-- com.Mumms.scripts.Admin -->
