<?xml version="1.0" encoding="UTF-8"?>
<!-- Generated by org.testng.reporters.JUnitReportReporter -->
<testsuite hostname="HW1611" name="com.Mumms.scripts.Reports" tests="3" failures="0" timestamp="14 Mar 2016 17:18:15 GMT" time="347.375" errors="0">
  <testcase name="testGenerateTeamMeetingReport" time="141.512" classname="com.Mumms.scripts.Reports"/>
  <testcase name="testGenerateVisitReport" time="112.348" classname="com.Mumms.scripts.Reports"/>
  <testcase name="testGenerateHISForAdmissionReport" time="93.515" classname="com.Mumms.scripts.Reports"/>
</testsuite> <!-- com.Mumms.scripts.Reports -->
