<?xml version="1.0" encoding="UTF-8"?>
<!-- Generated by org.testng.reporters.JUnitReportReporter -->
<testsuite hostname="HW1611" name="com.Mumms.scripts.Admin" tests="2" failures="0" timestamp="14 Mar 2016 17:18:15 GMT" time="123.403" errors="0">
  <testcase name="testAddWidgetsName" time="61.840" classname="com.Mumms.scripts.Admin"/>
  <testcase name="testAddWidgets" time="61.563" classname="com.Mumms.scripts.Admin"/>
</testsuite> <!-- com.Mumms.scripts.Admin -->
