<?xml version="1.0" encoding="UTF-8"?>
<!-- Generated by org.testng.reporters.JUnitReportReporter -->
<testsuite hostname="HW0380" name="com.Mumms.scripts.Admin" tests="1" failures="0" timestamp="23 Mar 2016 10:45:43 GMT" time="305.269" errors="0">
  <testcase name="updateAdjustmentReasons" time="305.269" classname="com.Mumms.scripts.Admin"/>
</testsuite> <!-- com.Mumms.scripts.Admin -->
