<?xml version="1.0" encoding="UTF-8"?>
<!-- Generated by org.testng.reporters.JUnitReportReporter -->
<testsuite hostname="HW1611" name="com.Mumms.scripts.Reports" tests="1" failures="0" timestamp="10 Mar 2016 16:05:10 GMT" time="175.715" errors="0">
  <testcase name="testGenerateVisitReport" time="175.715" classname="com.Mumms.scripts.Reports"/>
</testsuite> <!-- com.Mumms.scripts.Reports -->
