<?xml version="1.0" encoding="UTF-8"?>
<!-- Generated by org.testng.reporters.JUnitReportReporter -->
<testsuite hostname="HW1611" name="com.Mumms.scripts.Admin" tests="2" failures="0" timestamp="14 Mar 2016 20:22:38 GMT" time="110.853" errors="0">
  <testcase name="testaddWidgetPatientByPayerType" time="55.881" classname="com.Mumms.scripts.Admin"/>
  <testcase name="testaddWidgetPatientByFacilityType" time="54.972" classname="com.Mumms.scripts.Admin"/>
</testsuite> <!-- com.Mumms.scripts.Admin -->
