<?xml version="1.0" encoding="UTF-8"?>
<!-- Generated by org.testng.reporters.JUnitReportReporter -->
<testsuite hostname="HW1611" name="com.Mumms.scripts.Reports" tests="3" failures="0" timestamp="14 Mar 2016 16:50:03 GMT" time="300.834" errors="0">
  <testcase name="testGenerateTeamMeetingReport" time="107.794" classname="com.Mumms.scripts.Reports"/>
  <testcase name="testGenerateHISForAdmissionReport" time="79.123" classname="com.Mumms.scripts.Reports"/>
  <testcase name="testGenerateVisitReport" time="113.917" classname="com.Mumms.scripts.Reports"/>
</testsuite> <!-- com.Mumms.scripts.Reports -->
