<?xml version="1.0" encoding="UTF-8"?>
<!-- Generated by org.testng.reporters.JUnitReportReporter -->
<testsuite hostname="HW1611" name="com.Mumms.scripts.Reports" tests="3" failures="0" timestamp="14 Mar 2016 22:01:32 GMT" time="286.028" errors="0">
  <testcase name="testGenerateHISForAdmissionReport" time="84.908" classname="com.Mumms.scripts.Reports"/>
  <testcase name="testGenerateTeamMeetingReport" time="111.262" classname="com.Mumms.scripts.Reports"/>
  <testcase name="testGenerateVisitReport" time="89.858" classname="com.Mumms.scripts.Reports"/>
</testsuite> <!-- com.Mumms.scripts.Reports -->
