<?xml version="1.0" encoding="UTF-8"?>
<!-- Generated by org.testng.reporters.JUnitReportReporter -->
<testsuite hostname="HW1611" name="com.Mumms.scripts.Admin" tests="2" failures="0" timestamp="14 Mar 2016 17:47:32 GMT" time="112.023" errors="0">
  <testcase name="testaddWidgetPatientByPayerType" time="56.836" classname="com.Mumms.scripts.Admin"/>
  <testcase name="testaddWidgetPatientByFacilityType" time="55.187" classname="com.Mumms.scripts.Admin"/>
</testsuite> <!-- com.Mumms.scripts.Admin -->
