<?xml version="1.0" encoding="UTF-8"?>
<!-- Generated by org.testng.reporters.JUnitReportReporter -->
<testsuite hostname="HW1611" name="com.Mumms.scripts.Reports" tests="3" failures="0" timestamp="14 Mar 2016 20:22:38 GMT" time="295.607" errors="0">
  <testcase name="testGenerateHISForAdmissionReport" time="94.717" classname="com.Mumms.scripts.Reports"/>
  <testcase name="testGenerateVisitReport" time="103.553" classname="com.Mumms.scripts.Reports"/>
  <testcase name="testGenerateTeamMeetingReport" time="97.337" classname="com.Mumms.scripts.Reports"/>
</testsuite> <!-- com.Mumms.scripts.Reports -->
