<?xml version="1.0" encoding="UTF-8"?>
<!-- Generated by org.testng.reporters.JUnitReportReporter -->
<testsuite hostname="HW1611" name="com.Mumms.scripts.Patient" tests="1" failures="0" timestamp="14 Mar 2016 22:01:32 GMT" time="79.608" errors="0">
  <testcase name="testSearchPatientInfo" time="79.608" classname="com.Mumms.scripts.Patient"/>
</testsuite> <!-- com.Mumms.scripts.Patient -->
