<?xml version="1.0" encoding="UTF-8"?>
<!-- Generated by org.testng.reporters.JUnitReportReporter -->
<testsuite hostname="HW1611" name="com.Mumms.scripts.Reports" tests="3" failures="0" timestamp="14 Mar 2016 17:47:32 GMT" time="308.517" errors="0">
  <testcase name="testGenerateHISForAdmissionReport" time="95.449" classname="com.Mumms.scripts.Reports"/>
  <testcase name="testGenerateVisitReport" time="103.212" classname="com.Mumms.scripts.Reports"/>
  <testcase name="testGenerateTeamMeetingReport" time="109.856" classname="com.Mumms.scripts.Reports"/>
</testsuite> <!-- com.Mumms.scripts.Reports -->
