<?xml version="1.0" encoding="UTF-8"?>
<!-- Generated by org.testng.reporters.JUnitReportReporter -->
<testsuite hostname="HW0380" name="com.Mumms.scripts.Patient" tests="2" failures="0" timestamp="18 Mar 2016 14:01:14 GMT" time="1363.636" errors="0">
  <testcase name="verifyUnadmitFunctionality" time="565.550" classname="com.Mumms.scripts.Patient"/>
  <testcase name="verifyintractiongrid" time="798.086" classname="com.Mumms.scripts.Patient"/>
</testsuite> <!-- com.Mumms.scripts.Patient -->
