<?xml version="1.0" encoding="UTF-8"?>
<!-- Generated by org.testng.reporters.JUnitReportReporter -->
<testsuite hostname="HW1611" name="com.Mumms.scripts.Reports" tests="1" failures="0" timestamp="10 Mar 2016 19:32:47 GMT" time="115.988" errors="0">
  <testcase name="testGenerateVisitReport" time="115.988" classname="com.Mumms.scripts.Reports"/>
</testsuite> <!-- com.Mumms.scripts.Reports -->
